<?xml version="1.0" encoding="UTF-8"?>
<testsuite xmlns:xsi="http://www.w3.org/2001/XMLSchema-instance" xsi:noNamespaceSchemaLocation="https://maven.apache.org/surefire/maven-surefire-plugin/xsd/surefire-test-report-3.0.xsd" version="3.0" name="UrlTests" time="0.046" tests="42" errors="0" skipped="0" failures="0">
  <properties>
[...]
</properties>
  <testcase name="getFileNameNone" classname="UrlTests" time="0.014"/>
  <testcase name="getRawUrlNull" classname="UrlTests" time="0"/>
  <testcase name="getRawUrl01" classname="UrlTests" time="0.001"/>
  <testcase name="getRawUrl02" classname="UrlTests" time="0.001"/>
  <testcase name="getRawUrl03" classname="UrlTests" time="0"/>
  <testcase name="getSegment01" classname="UrlTests" time="0.001"/>
  <testcase name="getSegment02" classname="UrlTests" time="0"/>
  <testcase name="getSegment03" classname="UrlTests" time="0"/>
  <testcase name="getSegment04" classname="UrlTests" time="0.001"/>
  <testcase name="getParameterNull" classname="UrlTests" time="0.001"/>
  <testcase name="getFragment01" classname="UrlTests" time="0"/>
  <testcase name="getFragment02" classname="UrlTests" time="0"/>
  <testcase name="getFragment03" classname="UrlTests" time="0"/>
  <testcase name="getPathNull" classname="UrlTests" time="0"/>
  <testcase name="getExtension01" classname="UrlTests" time="0.001"/>
  <testcase name="getExtension02" classname="UrlTests" time="0.001"/>
  <testcase name="getExtension03" classname="UrlTests" time="0.001"/>
  <testcase name="getPathEmpty" classname="UrlTests" time="0"/>
  <testcase name="getExtensionEmpty" classname="UrlTests" time="0.001"/>
  <testcase name="getFileNameEmpty01" classname="UrlTests" time="0"/>
  <testcase name="getFileNameEmpty02" classname="UrlTests" time="0"/>
  <testcase name="getExtensionNone" classname="UrlTests" time="0.001"/>
  <testcase name="getSegmentEmpty01" classname="UrlTests" time="0"/>
  <testcase name="getSegmentEmpty02" classname="UrlTests" time="0"/>
  <testcase name="getParameter01" classname="UrlTests" time="0.001"/>
  <testcase name="getParameter02" classname="UrlTests" time="0"/>
  <testcase name="getParameter03" classname="UrlTests" time="0.001"/>
  <testcase name="getPath01" classname="UrlTests" time="0"/>
  <testcase name="getPath02" classname="UrlTests" time="0"/>
  <testcase name="getPath03" classname="UrlTests" time="0.001"/>
  <testcase name="getParameterEmpty" classname="UrlTests" time="0"/>
  <testcase name="getParameterCountEmpty" classname="UrlTests" time="0.001"/>
  <testcase name="getParameterCountNull" classname="UrlTests" time="0"/>
  <testcase name="getFragmentEmpty01" classname="UrlTests" time="0.001"/>
  <testcase name="getFragmentEmpty02" classname="UrlTests" time="0"/>
  <testcase name="getFileName01" classname="UrlTests" time="0"/>
  <testcase name="getFileName02" classname="UrlTests" time="0.001"/>
  <testcase name="getRawUrlEmpty" classname="UrlTests" time="0.001"/>
  <testcase name="getParameterCount01" classname="UrlTests" time="0"/>
  <testcase name="getParameterCount02" classname="UrlTests" time="0.001"/>
  <testcase name="getParameterCount03" classname="UrlTests" time="0"/>
  <testcase name="getParameterCount04" classname="UrlTests" time="0"/>
</testsuite>